Date: Tue May 26 16:04:51 CEST 2026
Node: hpc-node17
Submit dir: /home/yuanw/test-mod
CUDA_VISIBLE_DEVICES=0
SLURM_JOB_ID=502045
SLURM_JOB_NODELIST=hpc-node17
PYTHON_MODULE=python/3.10.7
CUDA_MODULE=nvidia/cuda-11.0
EXPERIMENT_NAME=dl-model-comparison
Currently Loaded Modulefiles:
 1) python/3.10.7   2) slurm/utils   3) monitor/node   4) nvidia/cuda-11.0  
torch 2.7.1+cu118
torch_cuda_runtime 11.8
torch_cuda_available True
Tue May 26 16:04:54 2026       
+-----------------------------------------------------------------------------------------+
| NVIDIA-SMI 595.58.03              Driver Version: 595.58.03      CUDA Version: 13.2     |
+-----------------------------------------+------------------------+----------------------+
| GPU  Name                 Persistence-M | Bus-Id          Disp.A | Volatile Uncorr. ECC |
| Fan  Temp   Perf          Pwr:Usage/Cap |           Memory-Usage | GPU-Util  Compute M. |
|                                         |                        |               MIG M. |
|=========================================+========================+======================|
|   0  NVIDIA L40S                    On  |   00000000:05:00.0 Off |                    0 |
| N/A   35C    P8             36W /  350W |       0MiB /  46068MiB |      0%      Default |
|                                         |                        |                  N/A |
+-----------------------------------------+------------------------+----------------------+

+-----------------------------------------------------------------------------------------+
| Processes:                                                                              |
|  GPU   GI   CI              PID   Type   Process name                        GPU Memory |
|        ID   ID                                                               Usage      |
|=========================================================================================|
|  No running processes found                                                             |
+-----------------------------------------------------------------------------------------+
CUDA_VISIBLE_DEVICES=0
devices=cuda:0
seconds=300 batch_size=4 seq_len=1024 d_model=1024 layers=12 heads=16 dtype=float16
device_metadata={"capability": "8.9", "device": "cuda:0", "logical_index": 0, "multiprocessors": 142, "name": "NVIDIA L40S", "total_memory_gib": 44.39404296875, "type": "cuda"}
worker=0 device=cuda:0 steps=10 elapsed=1.3s tokens_per_sec=32578.5 loss=105.3148
worker=0 device=cuda:0 steps=20 elapsed=1.8s tokens_per_sec=44569.2 loss=90.1031
worker=0 device=cuda:0 steps=30 elapsed=2.4s tokens_per_sec=50803.8 loss=79.9805
worker=0 device=cuda:0 steps=40 elapsed=3.0s tokens_per_sec=54627.5 loss=73.6073
worker=0 device=cuda:0 steps=50 elapsed=3.6s tokens_per_sec=57200.7 loss=67.9534
worker=0 device=cuda:0 steps=60 elapsed=4.2s tokens_per_sec=59064.0 loss=62.9479
worker=0 device=cuda:0 steps=70 elapsed=4.7s tokens_per_sec=60472.3 loss=59.5260
worker=0 device=cuda:0 steps=80 elapsed=5.3s tokens_per_sec=61640.5 loss=57.0482
worker=0 device=cuda:0 steps=90 elapsed=5.9s tokens_per_sec=62559.0 loss=54.0844
worker=0 device=cuda:0 steps=100 elapsed=6.5s tokens_per_sec=63319.6 loss=50.3416
worker=0 device=cuda:0 steps=110 elapsed=7.0s tokens_per_sec=63956.5 loss=47.1439
worker=0 device=cuda:0 steps=120 elapsed=7.6s tokens_per_sec=64494.4 loss=45.1003
worker=0 device=cuda:0 steps=130 elapsed=8.2s tokens_per_sec=64959.0 loss=42.4281
worker=0 device=cuda:0 steps=140 elapsed=8.8s tokens_per_sec=65344.1 loss=40.1755
worker=0 device=cuda:0 steps=150 elapsed=9.4s tokens_per_sec=65675.9 loss=38.6413
worker=0 device=cuda:0 steps=160 elapsed=9.9s tokens_per_sec=65964.4 loss=36.2939
worker=0 device=cuda:0 steps=170 elapsed=10.5s tokens_per_sec=66217.9 loss=33.9579
worker=0 device=cuda:0 steps=180 elapsed=11.1s tokens_per_sec=66442.8 loss=32.0229
worker=0 device=cuda:0 steps=190 elapsed=11.7s tokens_per_sec=66645.5 loss=31.4040
worker=0 device=cuda:0 steps=200 elapsed=12.3s tokens_per_sec=66823.5 loss=29.5502
worker=0 device=cuda:0 steps=210 elapsed=12.8s tokens_per_sec=66988.1 loss=28.7436
worker=0 device=cuda:0 steps=220 elapsed=13.4s tokens_per_sec=67134.5 loss=26.8277
worker=0 device=cuda:0 steps=230 elapsed=14.0s tokens_per_sec=67262.3 loss=26.0404
worker=0 device=cuda:0 steps=240 elapsed=14.6s tokens_per_sec=67381.8 loss=25.6162
worker=0 device=cuda:0 steps=250 elapsed=15.2s tokens_per_sec=67494.8 loss=23.5700
worker=0 device=cuda:0 steps=260 elapsed=15.8s tokens_per_sec=67594.3 loss=23.0495
worker=0 device=cuda:0 steps=270 elapsed=16.3s tokens_per_sec=67688.1 loss=22.1594
worker=0 device=cuda:0 steps=280 elapsed=16.9s tokens_per_sec=67770.7 loss=21.4652
worker=0 device=cuda:0 steps=290 elapsed=17.5s tokens_per_sec=67845.9 loss=20.7606
worker=0 device=cuda:0 steps=300 elapsed=18.1s tokens_per_sec=67918.3 loss=20.0442
worker=0 device=cuda:0 steps=310 elapsed=18.7s tokens_per_sec=67983.0 loss=19.3595
worker=0 device=cuda:0 steps=320 elapsed=19.3s tokens_per_sec=68042.7 loss=19.3864
worker=0 device=cuda:0 steps=330 elapsed=19.8s tokens_per_sec=68098.7 loss=18.4322
worker=0 device=cuda:0 steps=340 elapsed=20.4s tokens_per_sec=68150.5 loss=18.2108
worker=0 device=cuda:0 steps=350 elapsed=21.0s tokens_per_sec=68197.3 loss=17.1637
worker=0 device=cuda:0 steps=360 elapsed=21.6s tokens_per_sec=68241.9 loss=17.1316
worker=0 device=cuda:0 steps=370 elapsed=22.2s tokens_per_sec=68284.3 loss=16.4610
worker=0 device=cuda:0 steps=380 elapsed=22.8s tokens_per_sec=68323.0 loss=16.5530
worker=0 device=cuda:0 steps=390 elapsed=23.4s tokens_per_sec=68358.7 loss=15.8105
worker=0 device=cuda:0 steps=400 elapsed=24.0s tokens_per_sec=68393.1 loss=15.8605
worker=0 device=cuda:0 steps=410 elapsed=24.5s tokens_per_sec=68423.5 loss=15.4274
worker=0 device=cuda:0 steps=420 elapsed=25.1s tokens_per_sec=68455.4 loss=15.0106
worker=0 device=cuda:0 steps=430 elapsed=25.7s tokens_per_sec=68482.6 loss=14.5867
worker=0 device=cuda:0 steps=440 elapsed=26.3s tokens_per_sec=68508.6 loss=14.7065
worker=0 device=cuda:0 steps=450 elapsed=26.9s tokens_per_sec=68531.6 loss=13.9549
worker=0 device=cuda:0 steps=460 elapsed=27.5s tokens_per_sec=68552.5 loss=13.9420
worker=0 device=cuda:0 steps=470 elapsed=28.1s tokens_per_sec=68574.9 loss=13.9696
worker=0 device=cuda:0 steps=480 elapsed=28.7s tokens_per_sec=68593.0 loss=13.5481
worker=0 device=cuda:0 steps=490 elapsed=29.3s tokens_per_sec=68614.8 loss=13.1732
worker=0 device=cuda:0 steps=500 elapsed=29.8s tokens_per_sec=68628.0 loss=13.0880
worker=0 device=cuda:0 steps=510 elapsed=30.4s tokens_per_sec=68647.4 loss=13.2723
worker=0 device=cuda:0 steps=520 elapsed=31.0s tokens_per_sec=68659.4 loss=13.0878
worker=0 device=cuda:0 steps=530 elapsed=31.6s tokens_per_sec=68676.0 loss=12.7772
worker=0 device=cuda:0 steps=540 elapsed=32.2s tokens_per_sec=68686.2 loss=12.6081
worker=0 device=cuda:0 steps=550 elapsed=32.8s tokens_per_sec=68701.1 loss=12.4137
worker=0 device=cuda:0 steps=560 elapsed=33.4s tokens_per_sec=68709.7 loss=12.2731
worker=0 device=cuda:0 steps=570 elapsed=34.0s tokens_per_sec=68722.7 loss=12.3361
worker=0 device=cuda:0 steps=580 elapsed=34.6s tokens_per_sec=68732.9 loss=12.1536
worker=0 device=cuda:0 steps=590 elapsed=35.2s tokens_per_sec=68743.2 loss=12.0391
worker=0 device=cuda:0 steps=600 elapsed=35.7s tokens_per_sec=68753.1 loss=11.9089
worker=0 device=cuda:0 steps=610 elapsed=36.3s tokens_per_sec=68759.4 loss=11.8212
worker=0 device=cuda:0 steps=620 elapsed=36.9s tokens_per_sec=68769.6 loss=11.8091
worker=0 device=cuda:0 steps=630 elapsed=37.5s tokens_per_sec=68773.4 loss=11.7136
worker=0 device=cuda:0 steps=640 elapsed=38.1s tokens_per_sec=68782.1 loss=11.6537
worker=0 device=cuda:0 steps=650 elapsed=38.7s tokens_per_sec=68789.1 loss=11.4950
worker=0 device=cuda:0 steps=660 elapsed=39.3s tokens_per_sec=68793.8 loss=11.5307
worker=0 device=cuda:0 steps=670 elapsed=39.9s tokens_per_sec=68801.8 loss=11.5276
worker=0 device=cuda:0 steps=680 elapsed=40.5s tokens_per_sec=68804.1 loss=11.4510
worker=0 device=cuda:0 steps=690 elapsed=41.1s tokens_per_sec=68810.2 loss=11.3959
worker=0 device=cuda:0 steps=700 elapsed=41.7s tokens_per_sec=68816.6 loss=11.3482
worker=0 device=cuda:0 steps=710 elapsed=42.3s tokens_per_sec=68819.1 loss=11.3636
worker=0 device=cuda:0 steps=720 elapsed=42.8s tokens_per_sec=68825.2 loss=11.2505
worker=0 device=cuda:0 steps=730 elapsed=43.4s tokens_per_sec=68828.7 loss=11.2014
worker=0 device=cuda:0 steps=740 elapsed=44.0s tokens_per_sec=68831.6 loss=11.1635
worker=0 device=cuda:0 steps=750 elapsed=44.6s tokens_per_sec=68836.9 loss=11.1337
worker=0 device=cuda:0 steps=760 elapsed=45.2s tokens_per_sec=68838.7 loss=11.1427
worker=0 device=cuda:0 steps=770 elapsed=45.8s tokens_per_sec=68840.2 loss=11.0641
worker=0 device=cuda:0 steps=780 elapsed=46.4s tokens_per_sec=68844.3 loss=10.9515
worker=0 device=cuda:0 steps=790 elapsed=47.0s tokens_per_sec=68846.2 loss=10.9354
worker=0 device=cuda:0 steps=800 elapsed=47.6s tokens_per_sec=68847.0 loss=11.0943
worker=0 device=cuda:0 steps=810 elapsed=48.2s tokens_per_sec=68851.0 loss=11.0396
worker=0 device=cuda:0 steps=820 elapsed=48.8s tokens_per_sec=68852.7 loss=10.9182
worker=0 device=cuda:0 steps=830 elapsed=49.4s tokens_per_sec=68852.7 loss=10.9350
worker=0 device=cuda:0 steps=840 elapsed=50.0s tokens_per_sec=68854.4 loss=10.8990
worker=0 device=cuda:0 steps=850 elapsed=50.6s tokens_per_sec=68856.6 loss=10.9491
worker=0 device=cuda:0 steps=860 elapsed=51.2s tokens_per_sec=68856.0 loss=10.8537
worker=0 device=cuda:0 steps=870 elapsed=51.8s tokens_per_sec=68857.4 loss=10.8794
worker=0 device=cuda:0 steps=880 elapsed=52.3s tokens_per_sec=68859.0 loss=10.8055
worker=0 device=cuda:0 steps=890 elapsed=52.9s tokens_per_sec=68860.2 loss=10.8264
worker=0 device=cuda:0 steps=900 elapsed=53.5s tokens_per_sec=68858.2 loss=10.8528
worker=0 device=cuda:0 steps=910 elapsed=54.1s tokens_per_sec=68859.2 loss=10.8144
worker=0 device=cuda:0 steps=920 elapsed=54.7s tokens_per_sec=68860.9 loss=10.7706
worker=0 device=cuda:0 steps=930 elapsed=55.3s tokens_per_sec=68860.9 loss=10.8199
worker=0 device=cuda:0 steps=940 elapsed=55.9s tokens_per_sec=68859.9 loss=10.7942
worker=0 device=cuda:0 steps=950 elapsed=56.5s tokens_per_sec=68861.0 loss=10.7829
worker=0 device=cuda:0 steps=960 elapsed=57.1s tokens_per_sec=68862.7 loss=10.7605
worker=0 device=cuda:0 steps=970 elapsed=57.7s tokens_per_sec=68861.9 loss=10.7340
worker=0 device=cuda:0 steps=980 elapsed=58.3s tokens_per_sec=68860.4 loss=10.7826
worker=0 device=cuda:0 steps=990 elapsed=58.9s tokens_per_sec=68861.4 loss=10.7209
worker=0 device=cuda:0 steps=1000 elapsed=59.5s tokens_per_sec=68862.2 loss=10.7316
worker=0 device=cuda:0 steps=1010 elapsed=60.1s tokens_per_sec=68861.0 loss=10.7206
worker=0 device=cuda:0 steps=1020 elapsed=60.7s tokens_per_sec=68859.1 loss=10.7247
worker=0 device=cuda:0 steps=1030 elapsed=61.3s tokens_per_sec=68860.2 loss=10.7461
worker=0 device=cuda:0 steps=1040 elapsed=61.9s tokens_per_sec=68862.0 loss=10.7138
worker=0 device=cuda:0 steps=1050 elapsed=62.5s tokens_per_sec=68860.7 loss=10.7294
worker=0 device=cuda:0 steps=1060 elapsed=63.1s tokens_per_sec=68858.1 loss=10.7485
worker=0 device=cuda:0 steps=1070 elapsed=63.6s tokens_per_sec=68858.3 loss=10.7387
worker=0 device=cuda:0 steps=1080 elapsed=64.2s tokens_per_sec=68859.0 loss=10.7662
worker=0 device=cuda:0 steps=1090 elapsed=64.8s tokens_per_sec=68859.2 loss=10.7116
worker=0 device=cuda:0 steps=1100 elapsed=65.4s tokens_per_sec=68856.6 loss=10.6987
worker=0 device=cuda:0 steps=1110 elapsed=66.0s tokens_per_sec=68854.4 loss=10.7358
worker=0 device=cuda:0 steps=1120 elapsed=66.6s tokens_per_sec=68855.0 loss=10.7036
worker=0 device=cuda:0 steps=1130 elapsed=67.2s tokens_per_sec=68855.6 loss=10.7627
worker=0 device=cuda:0 steps=1140 elapsed=67.8s tokens_per_sec=68854.6 loss=10.7139
worker=0 device=cuda:0 steps=1150 elapsed=68.4s tokens_per_sec=68852.2 loss=10.6825
worker=0 device=cuda:0 steps=1160 elapsed=69.0s tokens_per_sec=68851.3 loss=10.7270
worker=0 device=cuda:0 steps=1170 elapsed=69.6s tokens_per_sec=68851.6 loss=10.7025
worker=0 device=cuda:0 steps=1180 elapsed=70.2s tokens_per_sec=68852.4 loss=10.6865
worker=0 device=cuda:0 steps=1190 elapsed=70.8s tokens_per_sec=68850.7 loss=10.6882
worker=0 device=cuda:0 steps=1200 elapsed=71.4s tokens_per_sec=68848.4 loss=10.7025
worker=0 device=cuda:0 steps=1210 elapsed=72.0s tokens_per_sec=68847.1 loss=10.6954
worker=0 device=cuda:0 steps=1220 elapsed=72.6s tokens_per_sec=68847.4 loss=10.7204
worker=0 device=cuda:0 steps=1230 elapsed=73.2s tokens_per_sec=68847.7 loss=10.7474
worker=0 device=cuda:0 steps=1240 elapsed=73.8s tokens_per_sec=68845.8 loss=10.7143
worker=0 device=cuda:0 steps=1250 elapsed=74.4s tokens_per_sec=68843.5 loss=10.6706
worker=0 device=cuda:0 steps=1260 elapsed=75.0s tokens_per_sec=68840.8 loss=10.6921
worker=0 device=cuda:0 steps=1270 elapsed=75.6s tokens_per_sec=68840.4 loss=10.6909
worker=0 device=cuda:0 steps=1280 elapsed=76.2s tokens_per_sec=68840.9 loss=10.6789
worker=0 device=cuda:0 steps=1290 elapsed=76.8s tokens_per_sec=68841.0 loss=10.6597
worker=0 device=cuda:0 steps=1300 elapsed=77.4s tokens_per_sec=68838.9 loss=10.7289
worker=0 device=cuda:0 steps=1310 elapsed=77.9s tokens_per_sec=68836.0 loss=10.7130
worker=0 device=cuda:0 steps=1320 elapsed=78.5s tokens_per_sec=68833.8 loss=10.6640
worker=0 device=cuda:0 steps=1330 elapsed=79.1s tokens_per_sec=68833.5 loss=10.6539
worker=0 device=cuda:0 steps=1340 elapsed=79.7s tokens_per_sec=68833.3 loss=10.6746
worker=0 device=cuda:0 steps=1350 elapsed=80.3s tokens_per_sec=68833.0 loss=10.7070
worker=0 device=cuda:0 steps=1360 elapsed=80.9s tokens_per_sec=68831.0 loss=10.6794
worker=0 device=cuda:0 steps=1370 elapsed=81.5s tokens_per_sec=68828.3 loss=10.6733
worker=0 device=cuda:0 steps=1380 elapsed=82.1s tokens_per_sec=68825.9 loss=10.6927
worker=0 device=cuda:0 steps=1390 elapsed=82.7s tokens_per_sec=68825.3 loss=10.6585
worker=0 device=cuda:0 steps=1400 elapsed=83.3s tokens_per_sec=68825.3 loss=10.6542
worker=0 device=cuda:0 steps=1410 elapsed=83.9s tokens_per_sec=68824.8 loss=10.6510
worker=0 device=cuda:0 steps=1420 elapsed=84.5s tokens_per_sec=68825.0 loss=10.6900
worker=0 device=cuda:0 steps=1430 elapsed=85.1s tokens_per_sec=68824.0 loss=10.6843
worker=0 device=cuda:0 steps=1440 elapsed=85.7s tokens_per_sec=68825.1 loss=10.6714
worker=0 device=cuda:0 steps=1450 elapsed=86.3s tokens_per_sec=68826.3 loss=10.6849
worker=0 device=cuda:0 steps=1460 elapsed=86.9s tokens_per_sec=68825.8 loss=10.7056
worker=0 device=cuda:0 steps=1470 elapsed=87.5s tokens_per_sec=68824.1 loss=10.6727
worker=0 device=cuda:0 steps=1480 elapsed=88.1s tokens_per_sec=68825.0 loss=10.6732
worker=0 device=cuda:0 steps=1490 elapsed=88.7s tokens_per_sec=68826.6 loss=10.6725
worker=0 device=cuda:0 steps=1500 elapsed=89.3s tokens_per_sec=68826.4 loss=10.6823
worker=0 device=cuda:0 steps=1510 elapsed=89.9s tokens_per_sec=68824.9 loss=10.6754
worker=0 device=cuda:0 steps=1520 elapsed=90.5s tokens_per_sec=68825.1 loss=10.7083
worker=0 device=cuda:0 steps=1530 elapsed=91.1s tokens_per_sec=68826.2 loss=10.6893
worker=0 device=cuda:0 steps=1540 elapsed=91.6s tokens_per_sec=68826.3 loss=10.6624
worker=0 device=cuda:0 steps=1550 elapsed=92.2s tokens_per_sec=68824.6 loss=10.7320
worker=0 device=cuda:0 steps=1560 elapsed=92.8s tokens_per_sec=68824.4 loss=10.6679
worker=0 device=cuda:0 steps=1570 elapsed=93.4s tokens_per_sec=68824.8 loss=10.6877
worker=0 device=cuda:0 steps=1580 elapsed=94.0s tokens_per_sec=68826.1 loss=10.6694
worker=0 device=cuda:0 steps=1590 elapsed=94.6s tokens_per_sec=68824.9 loss=10.6329
worker=0 device=cuda:0 steps=1600 elapsed=95.2s tokens_per_sec=68823.3 loss=10.7263
worker=0 device=cuda:0 steps=1610 elapsed=95.8s tokens_per_sec=68823.4 loss=10.6751
worker=0 device=cuda:0 steps=1620 elapsed=96.4s tokens_per_sec=68823.9 loss=10.6556
worker=0 device=cuda:0 steps=1630 elapsed=97.0s tokens_per_sec=68824.5 loss=10.6786
worker=0 device=cuda:0 steps=1640 elapsed=97.6s tokens_per_sec=68823.5 loss=10.6811
worker=0 device=cuda:0 steps=1650 elapsed=98.2s tokens_per_sec=68822.5 loss=10.6736
worker=0 device=cuda:0 steps=1660 elapsed=98.8s tokens_per_sec=68822.9 loss=10.6442
worker=0 device=cuda:0 steps=1670 elapsed=99.4s tokens_per_sec=68824.3 loss=10.6773
worker=0 device=cuda:0 steps=1680 elapsed=100.0s tokens_per_sec=68823.6 loss=10.6619
worker=0 device=cuda:0 steps=1690 elapsed=100.6s tokens_per_sec=68822.0 loss=10.6734
worker=0 device=cuda:0 steps=1700 elapsed=101.2s tokens_per_sec=68822.8 loss=10.6906
worker=0 device=cuda:0 steps=1710 elapsed=101.8s tokens_per_sec=68823.0 loss=10.6884
worker=0 device=cuda:0 steps=1720 elapsed=102.4s tokens_per_sec=68823.2 loss=10.6581
worker=0 device=cuda:0 steps=1730 elapsed=103.0s tokens_per_sec=68821.6 loss=10.7095
worker=0 device=cuda:0 steps=1740 elapsed=103.6s tokens_per_sec=68819.9 loss=10.6575
worker=0 device=cuda:0 steps=1750 elapsed=104.2s tokens_per_sec=68819.7 loss=10.6561
worker=0 device=cuda:0 steps=1760 elapsed=104.8s tokens_per_sec=68819.7 loss=10.6402
worker=0 device=cuda:0 steps=1770 elapsed=105.3s tokens_per_sec=68820.2 loss=10.6568
worker=0 device=cuda:0 steps=1780 elapsed=105.9s tokens_per_sec=68819.3 loss=10.6638
worker=0 device=cuda:0 steps=1790 elapsed=106.5s tokens_per_sec=68817.3 loss=10.6829
worker=0 device=cuda:0 steps=1800 elapsed=107.1s tokens_per_sec=68816.8 loss=10.6734
worker=0 device=cuda:0 steps=1810 elapsed=107.7s tokens_per_sec=68817.2 loss=10.6684
worker=0 device=cuda:0 steps=1820 elapsed=108.3s tokens_per_sec=68817.9 loss=10.6682
worker=0 device=cuda:0 steps=1830 elapsed=108.9s tokens_per_sec=68817.0 loss=10.7182
worker=0 device=cuda:0 steps=1840 elapsed=109.5s tokens_per_sec=68815.0 loss=10.6748
worker=0 device=cuda:0 steps=1850 elapsed=110.1s tokens_per_sec=68812.6 loss=10.6518
worker=0 device=cuda:0 steps=1860 elapsed=110.7s tokens_per_sec=68812.1 loss=10.6684
worker=0 device=cuda:0 steps=1870 elapsed=111.3s tokens_per_sec=68812.2 loss=10.6716
worker=0 device=cuda:0 steps=1880 elapsed=111.9s tokens_per_sec=68812.8 loss=10.6638
worker=0 device=cuda:0 steps=1890 elapsed=112.5s tokens_per_sec=68812.1 loss=10.6537
worker=0 device=cuda:0 steps=1900 elapsed=113.1s tokens_per_sec=68810.4 loss=10.7102
worker=0 device=cuda:0 steps=1910 elapsed=113.7s tokens_per_sec=68808.8 loss=10.7142
worker=0 device=cuda:0 steps=1920 elapsed=114.3s tokens_per_sec=68809.2 loss=10.6901
worker=0 device=cuda:0 steps=1930 elapsed=114.9s tokens_per_sec=68809.0 loss=10.6560
worker=0 device=cuda:0 steps=1940 elapsed=115.5s tokens_per_sec=68809.2 loss=10.6665
worker=0 device=cuda:0 steps=1950 elapsed=116.1s tokens_per_sec=68808.1 loss=10.6546
worker=0 device=cuda:0 steps=1960 elapsed=116.7s tokens_per_sec=68806.2 loss=10.6606
worker=0 device=cuda:0 steps=1970 elapsed=117.3s tokens_per_sec=68805.1 loss=10.6444
worker=0 device=cuda:0 steps=1980 elapsed=117.9s tokens_per_sec=68805.4 loss=10.6554
worker=0 device=cuda:0 steps=1990 elapsed=118.5s tokens_per_sec=68805.6 loss=10.6626
worker=0 device=cuda:0 steps=2000 elapsed=119.1s tokens_per_sec=68805.6 loss=10.6516
worker=0 device=cuda:0 steps=2010 elapsed=119.7s tokens_per_sec=68804.0 loss=10.6825
worker=0 device=cuda:0 steps=2020 elapsed=120.3s tokens_per_sec=68801.8 loss=10.6478
worker=0 device=cuda:0 steps=2030 elapsed=120.9s tokens_per_sec=68799.3 loss=10.6842
worker=0 device=cuda:0 steps=2040 elapsed=121.5s tokens_per_sec=68796.9 loss=10.6629
worker=0 device=cuda:0 steps=2050 elapsed=122.1s tokens_per_sec=68795.2 loss=10.6327
worker=0 device=cuda:0 steps=2060 elapsed=122.7s tokens_per_sec=68795.2 loss=10.6716
worker=0 device=cuda:0 steps=2070 elapsed=123.2s tokens_per_sec=68794.9 loss=10.6525
worker=0 device=cuda:0 steps=2080 elapsed=123.8s tokens_per_sec=68795.6 loss=10.6603
worker=0 device=cuda:0 steps=2090 elapsed=124.4s tokens_per_sec=68794.8 loss=10.7569
worker=0 device=cuda:0 steps=2100 elapsed=125.0s tokens_per_sec=68793.0 loss=10.6873
worker=0 device=cuda:0 steps=2110 elapsed=125.6s tokens_per_sec=68791.1 loss=10.6574
worker=0 device=cuda:0 steps=2120 elapsed=126.2s tokens_per_sec=68790.8 loss=10.6768
worker=0 device=cuda:0 steps=2130 elapsed=126.8s tokens_per_sec=68790.7 loss=10.6818
worker=0 device=cuda:0 steps=2140 elapsed=127.4s tokens_per_sec=68790.9 loss=10.6593
worker=0 device=cuda:0 steps=2150 elapsed=128.0s tokens_per_sec=68790.5 loss=10.6590
worker=0 device=cuda:0 steps=2160 elapsed=128.6s tokens_per_sec=68789.3 loss=10.6606
worker=0 device=cuda:0 steps=2170 elapsed=129.2s tokens_per_sec=68787.0 loss=10.6581
worker=0 device=cuda:0 steps=2180 elapsed=129.8s tokens_per_sec=68784.8 loss=10.6866
worker=0 device=cuda:0 steps=2190 elapsed=130.4s tokens_per_sec=68782.9 loss=10.6698
worker=0 device=cuda:0 steps=2200 elapsed=131.0s tokens_per_sec=68780.9 loss=10.6564
worker=0 device=cuda:0 steps=2210 elapsed=131.6s tokens_per_sec=68779.1 loss=10.7481
worker=0 device=cuda:0 steps=2220 elapsed=132.2s tokens_per_sec=68779.2 loss=10.6559
worker=0 device=cuda:0 steps=2230 elapsed=132.8s tokens_per_sec=68779.1 loss=10.6968
worker=0 device=cuda:0 steps=2240 elapsed=133.4s tokens_per_sec=68779.4 loss=10.7081
worker=0 device=cuda:0 steps=2250 elapsed=134.0s tokens_per_sec=68778.7 loss=10.6619
worker=0 device=cuda:0 steps=2260 elapsed=134.6s tokens_per_sec=68777.3 loss=10.6701
worker=0 device=cuda:0 steps=2270 elapsed=135.2s tokens_per_sec=68775.5 loss=10.6583
worker=0 device=cuda:0 steps=2280 elapsed=135.8s tokens_per_sec=68773.5 loss=10.6346
worker=0 device=cuda:0 steps=2290 elapsed=136.4s tokens_per_sec=68771.3 loss=10.6518
worker=0 device=cuda:0 steps=2300 elapsed=137.0s tokens_per_sec=68769.6 loss=10.6694
worker=0 device=cuda:0 steps=2310 elapsed=137.6s tokens_per_sec=68768.8 loss=10.6816
worker=0 device=cuda:0 steps=2320 elapsed=138.2s tokens_per_sec=68768.6 loss=10.6595
worker=0 device=cuda:0 steps=2330 elapsed=138.8s tokens_per_sec=68768.6 loss=10.6596
worker=0 device=cuda:0 steps=2340 elapsed=139.4s tokens_per_sec=68768.8 loss=10.6355
worker=0 device=cuda:0 steps=2350 elapsed=140.0s tokens_per_sec=68767.9 loss=10.6813
worker=0 device=cuda:0 steps=2360 elapsed=140.6s tokens_per_sec=68766.2 loss=10.6544
worker=0 device=cuda:0 steps=2370 elapsed=141.2s tokens_per_sec=68764.3 loss=10.6827
worker=0 device=cuda:0 steps=2380 elapsed=141.8s tokens_per_sec=68762.7 loss=10.6533
worker=0 device=cuda:0 steps=2390 elapsed=142.4s tokens_per_sec=68762.0 loss=10.6751
worker=0 device=cuda:0 steps=2400 elapsed=143.0s tokens_per_sec=68762.0 loss=10.6770
worker=0 device=cuda:0 steps=2410 elapsed=143.6s tokens_per_sec=68762.1 loss=10.6514
worker=0 device=cuda:0 steps=2420 elapsed=144.2s tokens_per_sec=68762.3 loss=10.6499
worker=0 device=cuda:0 steps=2430 elapsed=144.8s tokens_per_sec=68761.5 loss=10.6828
worker=0 device=cuda:0 steps=2440 elapsed=145.3s tokens_per_sec=68760.1 loss=10.6347
worker=0 device=cuda:0 steps=2450 elapsed=145.9s tokens_per_sec=68758.3 loss=10.7548
worker=0 device=cuda:0 steps=2460 elapsed=146.5s tokens_per_sec=68756.9 loss=10.6679
worker=0 device=cuda:0 steps=2470 elapsed=147.1s tokens_per_sec=68757.1 loss=10.6944
worker=0 device=cuda:0 steps=2480 elapsed=147.7s tokens_per_sec=68757.1 loss=10.6851
worker=0 device=cuda:0 steps=2490 elapsed=148.3s tokens_per_sec=68757.6 loss=10.6404
worker=0 device=cuda:0 steps=2500 elapsed=148.9s tokens_per_sec=68757.1 loss=10.6790
worker=0 device=cuda:0 steps=2510 elapsed=149.5s tokens_per_sec=68755.8 loss=10.6822
worker=0 device=cuda:0 steps=2520 elapsed=150.1s tokens_per_sec=68754.3 loss=10.6483
worker=0 device=cuda:0 steps=2530 elapsed=150.7s tokens_per_sec=68752.7 loss=10.6937
worker=0 device=cuda:0 steps=2540 elapsed=151.3s tokens_per_sec=68751.4 loss=10.6439
worker=0 device=cuda:0 steps=2550 elapsed=151.9s tokens_per_sec=68751.3 loss=10.6458
worker=0 device=cuda:0 steps=2560 elapsed=152.5s tokens_per_sec=68751.5 loss=10.7031
worker=0 device=cuda:0 steps=2570 elapsed=153.1s tokens_per_sec=68751.9 loss=10.6921
worker=0 device=cuda:0 steps=2580 elapsed=153.7s tokens_per_sec=68751.4 loss=10.6472
worker=0 device=cuda:0 steps=2590 elapsed=154.3s tokens_per_sec=68750.1 loss=10.6590
worker=0 device=cuda:0 steps=2600 elapsed=154.9s tokens_per_sec=68748.6 loss=10.6479
worker=0 device=cuda:0 steps=2610 elapsed=155.5s tokens_per_sec=68747.0 loss=10.6511
worker=0 device=cuda:0 steps=2620 elapsed=156.1s tokens_per_sec=68746.6 loss=10.6559
worker=0 device=cuda:0 steps=2630 elapsed=156.7s tokens_per_sec=68746.5 loss=10.6827
worker=0 device=cuda:0 steps=2640 elapsed=157.3s tokens_per_sec=68746.4 loss=10.6527
worker=0 device=cuda:0 steps=2650 elapsed=157.9s tokens_per_sec=68746.8 loss=10.6522
worker=0 device=cuda:0 steps=2660 elapsed=158.5s tokens_per_sec=68746.1 loss=10.6901
worker=0 device=cuda:0 steps=2670 elapsed=159.1s tokens_per_sec=68744.9 loss=10.7098
worker=0 device=cuda:0 steps=2680 elapsed=159.7s tokens_per_sec=68743.4 loss=10.6492
worker=0 device=cuda:0 steps=2690 elapsed=160.3s tokens_per_sec=68741.8 loss=10.6548
worker=0 device=cuda:0 steps=2700 elapsed=160.9s tokens_per_sec=68740.3 loss=10.6629
worker=0 device=cuda:0 steps=2710 elapsed=161.5s tokens_per_sec=68738.6 loss=10.6503
worker=0 device=cuda:0 steps=2720 elapsed=162.1s tokens_per_sec=68737.1 loss=10.6376
worker=0 device=cuda:0 steps=2730 elapsed=162.7s tokens_per_sec=68736.0 loss=10.6611
worker=0 device=cuda:0 steps=2740 elapsed=163.3s tokens_per_sec=68736.1 loss=10.6747
worker=0 device=cuda:0 steps=2750 elapsed=163.9s tokens_per_sec=68736.2 loss=10.6307
worker=0 device=cuda:0 steps=2760 elapsed=164.5s tokens_per_sec=68736.7 loss=10.6428
worker=0 device=cuda:0 steps=2770 elapsed=165.1s tokens_per_sec=68736.2 loss=10.6701
worker=0 device=cuda:0 steps=2780 elapsed=165.7s tokens_per_sec=68735.0 loss=10.6712
worker=0 device=cuda:0 steps=2790 elapsed=166.3s tokens_per_sec=68733.6 loss=10.6575
worker=0 device=cuda:0 steps=2800 elapsed=166.9s tokens_per_sec=68732.0 loss=10.6394
worker=0 device=cuda:0 steps=2810 elapsed=167.5s tokens_per_sec=68730.9 loss=10.6634
worker=0 device=cuda:0 steps=2820 elapsed=168.1s tokens_per_sec=68730.5 loss=10.6685
worker=0 device=cuda:0 steps=2830 elapsed=168.7s tokens_per_sec=68731.0 loss=10.6668
worker=0 device=cuda:0 steps=2840 elapsed=169.2s tokens_per_sec=68731.5 loss=10.6562
worker=0 device=cuda:0 steps=2850 elapsed=169.8s tokens_per_sec=68731.3 loss=10.6371
worker=0 device=cuda:0 steps=2860 elapsed=170.4s tokens_per_sec=68730.3 loss=10.6845
worker=0 device=cuda:0 steps=2870 elapsed=171.0s tokens_per_sec=68729.2 loss=10.7023
worker=0 device=cuda:0 steps=2880 elapsed=171.6s tokens_per_sec=68728.0 loss=10.6527
worker=0 device=cuda:0 steps=2890 elapsed=172.2s tokens_per_sec=68728.0 loss=10.6457
worker=0 device=cuda:0 steps=2900 elapsed=172.8s tokens_per_sec=68728.2 loss=10.6846
worker=0 device=cuda:0 steps=2910 elapsed=173.4s tokens_per_sec=68728.7 loss=10.6468
worker=0 device=cuda:0 steps=2920 elapsed=174.0s tokens_per_sec=68728.6 loss=10.6642
worker=0 device=cuda:0 steps=2930 elapsed=174.6s tokens_per_sec=68727.7 loss=10.6606
worker=0 device=cuda:0 steps=2940 elapsed=175.2s tokens_per_sec=68726.5 loss=10.6791
worker=0 device=cuda:0 steps=2950 elapsed=175.8s tokens_per_sec=68725.2 loss=10.6630
worker=0 device=cuda:0 steps=2960 elapsed=176.4s tokens_per_sec=68724.0 loss=10.7254
worker=0 device=cuda:0 steps=2970 elapsed=177.0s tokens_per_sec=68723.9 loss=10.6611
worker=0 device=cuda:0 steps=2980 elapsed=177.6s tokens_per_sec=68724.2 loss=10.6808
worker=0 device=cuda:0 steps=2990 elapsed=178.2s tokens_per_sec=68724.8 loss=10.7111
worker=0 device=cuda:0 steps=3000 elapsed=178.8s tokens_per_sec=68724.5 loss=10.6642
worker=0 device=cuda:0 steps=3010 elapsed=179.4s tokens_per_sec=68723.7 loss=10.6749
worker=0 device=cuda:0 steps=3020 elapsed=180.0s tokens_per_sec=68722.5 loss=10.6864
worker=0 device=cuda:0 steps=3030 elapsed=180.6s tokens_per_sec=68721.4 loss=10.6472
worker=0 device=cuda:0 steps=3040 elapsed=181.2s tokens_per_sec=68721.6 loss=10.6791
worker=0 device=cuda:0 steps=3050 elapsed=181.8s tokens_per_sec=68722.0 loss=10.6464
worker=0 device=cuda:0 steps=3060 elapsed=182.4s tokens_per_sec=68722.5 loss=10.6523
worker=0 device=cuda:0 steps=3070 elapsed=183.0s tokens_per_sec=68722.3 loss=10.6428
worker=0 device=cuda:0 steps=3080 elapsed=183.6s tokens_per_sec=68721.4 loss=10.6437
worker=0 device=cuda:0 steps=3090 elapsed=184.2s tokens_per_sec=68720.5 loss=10.6791
worker=0 device=cuda:0 steps=3100 elapsed=184.8s tokens_per_sec=68720.7 loss=10.6735
worker=0 device=cuda:0 steps=3110 elapsed=185.4s tokens_per_sec=68720.8 loss=10.6750
worker=0 device=cuda:0 steps=3120 elapsed=186.0s tokens_per_sec=68721.3 loss=10.6713
worker=0 device=cuda:0 steps=3130 elapsed=186.6s tokens_per_sec=68721.0 loss=10.6576
worker=0 device=cuda:0 steps=3140 elapsed=187.2s tokens_per_sec=68720.1 loss=10.6437
worker=0 device=cuda:0 steps=3150 elapsed=187.8s tokens_per_sec=68719.2 loss=10.6405
worker=0 device=cuda:0 steps=3160 elapsed=188.4s tokens_per_sec=68719.1 loss=10.6474
worker=0 device=cuda:0 steps=3170 elapsed=188.9s tokens_per_sec=68719.3 loss=10.6588
worker=0 device=cuda:0 steps=3180 elapsed=189.5s tokens_per_sec=68719.8 loss=10.6365
worker=0 device=cuda:0 steps=3190 elapsed=190.1s tokens_per_sec=68719.9 loss=10.6451
worker=0 device=cuda:0 steps=3200 elapsed=190.7s tokens_per_sec=68719.1 loss=10.6639
worker=0 device=cuda:0 steps=3210 elapsed=191.3s tokens_per_sec=68718.0 loss=10.6722
worker=0 device=cuda:0 steps=3220 elapsed=191.9s tokens_per_sec=68716.8 loss=10.6512
worker=0 device=cuda:0 steps=3230 elapsed=192.5s tokens_per_sec=68716.0 loss=10.6707
worker=0 device=cuda:0 steps=3240 elapsed=193.1s tokens_per_sec=68716.2 loss=10.6576
worker=0 device=cuda:0 steps=3250 elapsed=193.7s tokens_per_sec=68716.4 loss=10.7192
worker=0 device=cuda:0 steps=3260 elapsed=194.3s tokens_per_sec=68716.9 loss=10.6329
worker=0 device=cuda:0 steps=3270 elapsed=194.9s tokens_per_sec=68716.7 loss=10.6603
worker=0 device=cuda:0 steps=3280 elapsed=195.5s tokens_per_sec=68715.8 loss=10.6979
worker=0 device=cuda:0 steps=3290 elapsed=196.1s tokens_per_sec=68714.8 loss=10.6393
worker=0 device=cuda:0 steps=3300 elapsed=196.7s tokens_per_sec=68714.8 loss=10.6498
worker=0 device=cuda:0 steps=3310 elapsed=197.3s tokens_per_sec=68715.0 loss=10.6494
worker=0 device=cuda:0 steps=3320 elapsed=197.9s tokens_per_sec=68715.6 loss=10.6597
worker=0 device=cuda:0 steps=3330 elapsed=198.5s tokens_per_sec=68715.4 loss=10.6531
worker=0 device=cuda:0 steps=3340 elapsed=199.1s tokens_per_sec=68714.8 loss=10.6427
worker=0 device=cuda:0 steps=3350 elapsed=199.7s tokens_per_sec=68713.9 loss=10.6473
worker=0 device=cuda:0 steps=3360 elapsed=200.3s tokens_per_sec=68713.4 loss=10.6559
worker=0 device=cuda:0 steps=3370 elapsed=200.9s tokens_per_sec=68713.8 loss=10.6416
worker=0 device=cuda:0 steps=3380 elapsed=201.5s tokens_per_sec=68714.2 loss=10.6454
worker=0 device=cuda:0 steps=3390 elapsed=202.1s tokens_per_sec=68714.4 loss=10.6305
worker=0 device=cuda:0 steps=3400 elapsed=202.7s tokens_per_sec=68714.0 loss=10.6808
worker=0 device=cuda:0 steps=3410 elapsed=203.3s tokens_per_sec=68713.3 loss=10.6502
worker=0 device=cuda:0 steps=3420 elapsed=203.9s tokens_per_sec=68713.6 loss=10.6435
worker=0 device=cuda:0 steps=3430 elapsed=204.5s tokens_per_sec=68713.8 loss=10.6373
worker=0 device=cuda:0 steps=3440 elapsed=205.1s tokens_per_sec=68714.2 loss=10.6660
worker=0 device=cuda:0 steps=3450 elapsed=205.7s tokens_per_sec=68714.1 loss=10.6245
worker=0 device=cuda:0 steps=3460 elapsed=206.3s tokens_per_sec=68713.4 loss=10.6514
worker=0 device=cuda:0 steps=3470 elapsed=206.8s tokens_per_sec=68712.5 loss=10.6796
worker=0 device=cuda:0 steps=3480 elapsed=207.4s tokens_per_sec=68712.7 loss=10.6434
worker=0 device=cuda:0 steps=3490 elapsed=208.0s tokens_per_sec=68713.1 loss=10.6679
worker=0 device=cuda:0 steps=3500 elapsed=208.6s tokens_per_sec=68713.6 loss=10.6400
worker=0 device=cuda:0 steps=3510 elapsed=209.2s tokens_per_sec=68713.4 loss=10.6749
worker=0 device=cuda:0 steps=3520 elapsed=209.8s tokens_per_sec=68712.7 loss=10.6433
worker=0 device=cuda:0 steps=3530 elapsed=210.4s tokens_per_sec=68712.0 loss=10.6570
worker=0 device=cuda:0 steps=3540 elapsed=211.0s tokens_per_sec=68712.1 loss=10.6323
worker=0 device=cuda:0 steps=3550 elapsed=211.6s tokens_per_sec=68712.6 loss=10.6412
worker=0 device=cuda:0 steps=3560 elapsed=212.2s tokens_per_sec=68713.1 loss=10.6502
worker=0 device=cuda:0 steps=3570 elapsed=212.8s tokens_per_sec=68712.8 loss=10.6381
worker=0 device=cuda:0 steps=3580 elapsed=213.4s tokens_per_sec=68712.2 loss=10.6612
worker=0 device=cuda:0 steps=3590 elapsed=214.0s tokens_per_sec=68712.6 loss=10.6341
worker=0 device=cuda:0 steps=3600 elapsed=214.6s tokens_per_sec=68713.1 loss=10.6946
worker=0 device=cuda:0 steps=3610 elapsed=215.2s tokens_per_sec=68713.6 loss=10.6432
worker=0 device=cuda:0 steps=3620 elapsed=215.8s tokens_per_sec=68713.2 loss=10.6669
worker=0 device=cuda:0 steps=3630 elapsed=216.4s tokens_per_sec=68712.5 loss=10.7168
worker=0 device=cuda:0 steps=3640 elapsed=217.0s tokens_per_sec=68712.2 loss=10.6381
worker=0 device=cuda:0 steps=3650 elapsed=217.6s tokens_per_sec=68712.7 loss=10.6298
worker=0 device=cuda:0 steps=3660 elapsed=218.2s tokens_per_sec=68713.3 loss=10.6513
worker=0 device=cuda:0 steps=3670 elapsed=218.8s tokens_per_sec=68713.4 loss=10.6292
worker=0 device=cuda:0 steps=3680 elapsed=219.4s tokens_per_sec=68712.8 loss=10.6323
worker=0 device=cuda:0 steps=3690 elapsed=220.0s tokens_per_sec=68712.3 loss=10.6551
worker=0 device=cuda:0 steps=3700 elapsed=220.6s tokens_per_sec=68712.8 loss=10.6410
worker=0 device=cuda:0 steps=3710 elapsed=221.2s tokens_per_sec=68713.3 loss=10.6411
worker=0 device=cuda:0 steps=3720 elapsed=221.7s tokens_per_sec=68713.6 loss=10.7065
worker=0 device=cuda:0 steps=3730 elapsed=222.3s tokens_per_sec=68713.1 loss=10.6443
worker=0 device=cuda:0 steps=3740 elapsed=222.9s tokens_per_sec=68712.6 loss=10.6409
worker=0 device=cuda:0 steps=3750 elapsed=223.5s tokens_per_sec=68712.9 loss=10.6730
worker=0 device=cuda:0 steps=3760 elapsed=224.1s tokens_per_sec=68713.4 loss=10.6808
worker=0 device=cuda:0 steps=3770 elapsed=224.7s tokens_per_sec=68713.9 loss=10.6460
worker=0 device=cuda:0 steps=3780 elapsed=225.3s tokens_per_sec=68713.6 loss=10.6551
worker=0 device=cuda:0 steps=3790 elapsed=225.9s tokens_per_sec=68712.8 loss=10.6279
worker=0 device=cuda:0 steps=3800 elapsed=226.5s tokens_per_sec=68713.0 loss=10.6506
worker=0 device=cuda:0 steps=3810 elapsed=227.1s tokens_per_sec=68713.4 loss=10.6513
worker=0 device=cuda:0 steps=3820 elapsed=227.7s tokens_per_sec=68714.1 loss=10.6705
worker=0 device=cuda:0 steps=3830 elapsed=228.3s tokens_per_sec=68714.1 loss=10.6399
worker=0 device=cuda:0 steps=3840 elapsed=228.9s tokens_per_sec=68713.3 loss=10.6473
worker=0 device=cuda:0 steps=3850 elapsed=229.5s tokens_per_sec=68713.8 loss=10.6520
worker=0 device=cuda:0 steps=3860 elapsed=230.1s tokens_per_sec=68714.4 loss=10.6638
worker=0 device=cuda:0 steps=3870 elapsed=230.7s tokens_per_sec=68714.9 loss=10.6693
worker=0 device=cuda:0 steps=3880 elapsed=231.3s tokens_per_sec=68714.5 loss=10.6404
worker=0 device=cuda:0 steps=3890 elapsed=231.9s tokens_per_sec=68714.2 loss=10.6393
worker=0 device=cuda:0 steps=3900 elapsed=232.5s tokens_per_sec=68714.7 loss=10.6687
worker=0 device=cuda:0 steps=3910 elapsed=233.1s tokens_per_sec=68715.4 loss=10.6289
worker=0 device=cuda:0 steps=3920 elapsed=233.7s tokens_per_sec=68715.6 loss=10.6400
worker=0 device=cuda:0 steps=3930 elapsed=234.3s tokens_per_sec=68715.1 loss=10.6432
worker=0 device=cuda:0 steps=3940 elapsed=234.9s tokens_per_sec=68715.4 loss=10.6334
worker=0 device=cuda:0 steps=3950 elapsed=235.5s tokens_per_sec=68715.9 loss=10.6746
worker=0 device=cuda:0 steps=3960 elapsed=236.0s tokens_per_sec=68716.7 loss=10.6449
worker=0 device=cuda:0 steps=3970 elapsed=236.6s tokens_per_sec=68716.3 loss=10.6563
worker=0 device=cuda:0 steps=3980 elapsed=237.2s tokens_per_sec=68716.1 loss=10.6476
worker=0 device=cuda:0 steps=3990 elapsed=237.8s tokens_per_sec=68716.5 loss=10.6065
worker=0 device=cuda:0 steps=4000 elapsed=238.4s tokens_per_sec=68717.1 loss=10.6615
worker=0 device=cuda:0 steps=4010 elapsed=239.0s tokens_per_sec=68717.2 loss=10.6221
worker=0 device=cuda:0 steps=4020 elapsed=239.6s tokens_per_sec=68716.8 loss=10.6408
worker=0 device=cuda:0 steps=4030 elapsed=240.2s tokens_per_sec=68716.1 loss=10.6406
worker=0 device=cuda:0 steps=4040 elapsed=240.8s tokens_per_sec=68716.4 loss=10.6496
worker=0 device=cuda:0 steps=4050 elapsed=241.4s tokens_per_sec=68717.0 loss=10.6516
worker=0 device=cuda:0 steps=4060 elapsed=242.0s tokens_per_sec=68717.3 loss=10.6626
worker=0 device=cuda:0 steps=4070 elapsed=242.6s tokens_per_sec=68716.8 loss=10.6399
worker=0 device=cuda:0 steps=4080 elapsed=243.2s tokens_per_sec=68716.1 loss=10.6369
worker=0 device=cuda:0 steps=4090 elapsed=243.8s tokens_per_sec=68716.1 loss=10.6538
worker=0 device=cuda:0 steps=4100 elapsed=244.4s tokens_per_sec=68716.4 loss=10.6628
worker=0 device=cuda:0 steps=4110 elapsed=245.0s tokens_per_sec=68716.8 loss=10.6655
worker=0 device=cuda:0 steps=4120 elapsed=245.6s tokens_per_sec=68716.9 loss=10.6400
worker=0 device=cuda:0 steps=4130 elapsed=246.2s tokens_per_sec=68716.4 loss=10.6296
worker=0 device=cuda:0 steps=4140 elapsed=246.8s tokens_per_sec=68716.2 loss=10.6440
worker=0 device=cuda:0 steps=4150 elapsed=247.4s tokens_per_sec=68716.5 loss=10.6451
worker=0 device=cuda:0 steps=4160 elapsed=248.0s tokens_per_sec=68717.2 loss=10.6406
worker=0 device=cuda:0 steps=4170 elapsed=248.6s tokens_per_sec=68717.3 loss=10.6281
worker=0 device=cuda:0 steps=4180 elapsed=249.2s tokens_per_sec=68716.8 loss=10.6446
worker=0 device=cuda:0 steps=4190 elapsed=249.8s tokens_per_sec=68716.5 loss=10.6520
worker=0 device=cuda:0 steps=4200 elapsed=250.3s tokens_per_sec=68716.9 loss=10.6344
worker=0 device=cuda:0 steps=4210 elapsed=250.9s tokens_per_sec=68717.7 loss=10.6509
worker=0 device=cuda:0 steps=4220 elapsed=251.5s tokens_per_sec=68717.7 loss=10.6681
worker=0 device=cuda:0 steps=4230 elapsed=252.1s tokens_per_sec=68717.2 loss=10.6293
worker=0 device=cuda:0 steps=4240 elapsed=252.7s tokens_per_sec=68717.0 loss=10.6336
worker=0 device=cuda:0 steps=4250 elapsed=253.3s tokens_per_sec=68717.2 loss=10.6748
worker=0 device=cuda:0 steps=4260 elapsed=253.9s tokens_per_sec=68717.6 loss=10.6569
worker=0 device=cuda:0 steps=4270 elapsed=254.5s tokens_per_sec=68717.8 loss=10.6342
worker=0 device=cuda:0 steps=4280 elapsed=255.1s tokens_per_sec=68717.4 loss=10.6332
worker=0 device=cuda:0 steps=4290 elapsed=255.7s tokens_per_sec=68717.1 loss=10.6654
worker=0 device=cuda:0 steps=4300 elapsed=256.3s tokens_per_sec=68717.5 loss=10.6585
worker=0 device=cuda:0 steps=4310 elapsed=256.9s tokens_per_sec=68717.9 loss=10.6881
worker=0 device=cuda:0 steps=4320 elapsed=257.5s tokens_per_sec=68718.1 loss=10.6378
worker=0 device=cuda:0 steps=4330 elapsed=258.1s tokens_per_sec=68717.6 loss=10.6791
worker=0 device=cuda:0 steps=4340 elapsed=258.7s tokens_per_sec=68717.2 loss=10.6416
worker=0 device=cuda:0 steps=4350 elapsed=259.3s tokens_per_sec=68717.7 loss=10.6326
worker=0 device=cuda:0 steps=4360 elapsed=259.9s tokens_per_sec=68718.1 loss=10.6128
worker=0 device=cuda:0 steps=4370 elapsed=260.5s tokens_per_sec=68718.4 loss=10.6404
worker=0 device=cuda:0 steps=4380 elapsed=261.1s tokens_per_sec=68718.2 loss=10.6387
worker=0 device=cuda:0 steps=4390 elapsed=261.7s tokens_per_sec=68717.8 loss=10.6444
worker=0 device=cuda:0 steps=4400 elapsed=262.3s tokens_per_sec=68718.2 loss=10.6065
worker=0 device=cuda:0 steps=4410 elapsed=262.9s tokens_per_sec=68718.9 loss=10.6200
worker=0 device=cuda:0 steps=4420 elapsed=263.5s tokens_per_sec=68718.9 loss=10.6667
worker=0 device=cuda:0 steps=4430 elapsed=264.1s tokens_per_sec=68718.9 loss=10.6167
worker=0 device=cuda:0 steps=4440 elapsed=264.6s tokens_per_sec=68719.7 loss=10.6780
worker=0 device=cuda:0 steps=4450 elapsed=265.2s tokens_per_sec=68720.7 loss=10.6716
worker=0 device=cuda:0 steps=4460 elapsed=265.8s tokens_per_sec=68720.8 loss=10.6230
worker=0 device=cuda:0 steps=4470 elapsed=266.4s tokens_per_sec=68721.2 loss=10.6343
worker=0 device=cuda:0 steps=4480 elapsed=267.0s tokens_per_sec=68721.6 loss=10.6490
worker=0 device=cuda:0 steps=4490 elapsed=267.6s tokens_per_sec=68721.9 loss=10.6587
worker=0 device=cuda:0 steps=4500 elapsed=268.2s tokens_per_sec=68721.6 loss=10.6357
worker=0 device=cuda:0 steps=4510 elapsed=268.8s tokens_per_sec=68721.1 loss=10.6378
worker=0 device=cuda:0 steps=4520 elapsed=269.4s tokens_per_sec=68720.8 loss=10.6353
worker=0 device=cuda:0 steps=4530 elapsed=270.0s tokens_per_sec=68721.2 loss=10.6495
worker=0 device=cuda:0 steps=4540 elapsed=270.6s tokens_per_sec=68721.7 loss=10.6245
worker=0 device=cuda:0 steps=4550 elapsed=271.2s tokens_per_sec=68721.7 loss=10.6366
worker=0 device=cuda:0 steps=4560 elapsed=271.8s tokens_per_sec=68721.3 loss=10.6340
worker=0 device=cuda:0 steps=4570 elapsed=272.4s tokens_per_sec=68721.6 loss=10.6411
worker=0 device=cuda:0 steps=4580 elapsed=273.0s tokens_per_sec=68722.0 loss=10.6308
worker=0 device=cuda:0 steps=4590 elapsed=273.6s tokens_per_sec=68722.5 loss=10.6359
worker=0 device=cuda:0 steps=4600 elapsed=274.2s tokens_per_sec=68722.3 loss=10.6560
worker=0 device=cuda:0 steps=4610 elapsed=274.8s tokens_per_sec=68721.8 loss=10.6253
worker=0 device=cuda:0 steps=4620 elapsed=275.4s tokens_per_sec=68722.1 loss=10.6650
worker=0 device=cuda:0 steps=4630 elapsed=276.0s tokens_per_sec=68722.6 loss=10.6394
worker=0 device=cuda:0 steps=4640 elapsed=276.6s tokens_per_sec=68723.0 loss=10.6290
worker=0 device=cuda:0 steps=4650 elapsed=277.1s tokens_per_sec=68722.7 loss=10.6314
worker=0 device=cuda:0 steps=4660 elapsed=277.7s tokens_per_sec=68722.4 loss=10.6616
worker=0 device=cuda:0 steps=4670 elapsed=278.3s tokens_per_sec=68722.8 loss=10.6480
worker=0 device=cuda:0 steps=4680 elapsed=278.9s tokens_per_sec=68723.3 loss=10.6488
worker=0 device=cuda:0 steps=4690 elapsed=279.5s tokens_per_sec=68723.8 loss=10.6348
worker=0 device=cuda:0 steps=4700 elapsed=280.1s tokens_per_sec=68724.2 loss=10.6810
worker=0 device=cuda:0 steps=4710 elapsed=280.7s tokens_per_sec=68724.8 loss=10.6358
worker=0 device=cuda:0 steps=4720 elapsed=281.3s tokens_per_sec=68725.2 loss=10.6371
worker=0 device=cuda:0 steps=4730 elapsed=281.9s tokens_per_sec=68725.0 loss=10.6230
worker=0 device=cuda:0 steps=4740 elapsed=282.5s tokens_per_sec=68724.7 loss=10.6347
worker=0 device=cuda:0 steps=4750 elapsed=283.1s tokens_per_sec=68725.1 loss=10.6375
worker=0 device=cuda:0 steps=4760 elapsed=283.7s tokens_per_sec=68725.6 loss=10.6470
worker=0 device=cuda:0 steps=4770 elapsed=284.3s tokens_per_sec=68725.9 loss=10.6711
worker=0 device=cuda:0 steps=4780 elapsed=284.9s tokens_per_sec=68726.4 loss=10.6150
worker=0 device=cuda:0 steps=4790 elapsed=285.5s tokens_per_sec=68727.2 loss=10.6341
worker=0 device=cuda:0 steps=4800 elapsed=286.1s tokens_per_sec=68727.9 loss=10.6323
worker=0 device=cuda:0 steps=4810 elapsed=286.7s tokens_per_sec=68727.8 loss=10.6885
worker=0 device=cuda:0 steps=4820 elapsed=287.3s tokens_per_sec=68728.2 loss=10.6459
worker=0 device=cuda:0 steps=4830 elapsed=287.9s tokens_per_sec=68728.6 loss=10.6460
worker=0 device=cuda:0 steps=4840 elapsed=288.4s tokens_per_sec=68728.8 loss=10.6464
worker=0 device=cuda:0 steps=4850 elapsed=289.0s tokens_per_sec=68728.5 loss=10.6286
worker=0 device=cuda:0 steps=4860 elapsed=289.6s tokens_per_sec=68729.2 loss=10.6484
worker=0 device=cuda:0 steps=4870 elapsed=290.2s tokens_per_sec=68730.1 loss=10.6257
worker=0 device=cuda:0 steps=4880 elapsed=290.8s tokens_per_sec=68730.5 loss=10.6346
worker=0 device=cuda:0 steps=4890 elapsed=291.4s tokens_per_sec=68731.2 loss=10.6322
worker=0 device=cuda:0 steps=4900 elapsed=292.0s tokens_per_sec=68732.2 loss=10.6485
worker=0 device=cuda:0 steps=4910 elapsed=292.6s tokens_per_sec=68732.5 loss=10.6613
worker=0 device=cuda:0 steps=4920 elapsed=293.2s tokens_per_sec=68733.1 loss=10.6216
worker=0 device=cuda:0 steps=4930 elapsed=293.8s tokens_per_sec=68734.1 loss=10.6055
worker=0 device=cuda:0 steps=4940 elapsed=294.4s tokens_per_sec=68734.5 loss=10.6498
worker=0 device=cuda:0 steps=4950 elapsed=295.0s tokens_per_sec=68735.1 loss=10.6752
worker=0 device=cuda:0 steps=4960 elapsed=295.6s tokens_per_sec=68736.0 loss=10.6275
worker=0 device=cuda:0 steps=4970 elapsed=296.2s tokens_per_sec=68736.3 loss=10.6241
worker=0 device=cuda:0 steps=4980 elapsed=296.8s tokens_per_sec=68736.3 loss=10.6985
worker=0 device=cuda:0 steps=4990 elapsed=297.4s tokens_per_sec=68736.8 loss=10.6504
worker=0 device=cuda:0 steps=5000 elapsed=297.9s tokens_per_sec=68737.4 loss=10.6316
worker=0 device=cuda:0 steps=5010 elapsed=298.5s tokens_per_sec=68737.3 loss=10.6352
worker=0 device=cuda:0 steps=5020 elapsed=299.1s tokens_per_sec=68737.3 loss=10.6229
worker=0 device=cuda:0 steps=5030 elapsed=299.7s tokens_per_sec=68737.8 loss=10.6250
done workers=1 wall_elapsed=304.6s tokens_per_second=68738.1 parameters=185710592
summary_json=results/dl-model-comparison/502045_dl-l40s-1/summary.json
GPU monitor samples: results/dl-model-comparison/502045_dl-l40s-1/nvidia_smi.csv
2026/05/26 16:09:13.405, 0, NVIDIA L40S, 99, 73, 6407, 46068, 312.60, 350.00, 68
2026/05/26 16:09:18.493, 0, NVIDIA L40S, 98, 74, 6407, 46068, 304.89, 350.00, 66
2026/05/26 16:09:23.561, 0, NVIDIA L40S, 99, 71, 6407, 46068, 303.62, 350.00, 68
2026/05/26 16:09:28.629, 0, NVIDIA L40S, 99, 70, 6407, 46068, 299.97, 350.00, 68
2026/05/26 16:09:33.697, 0, NVIDIA L40S, 99, 70, 6407, 46068, 315.73, 350.00, 67
2026/05/26 16:09:38.766, 0, NVIDIA L40S, 98, 74, 6407, 46068, 319.27, 350.00, 66
2026/05/26 16:09:43.853, 0, NVIDIA L40S, 99, 71, 6407, 46068, 312.78, 350.00, 68
2026/05/26 16:09:48.941, 0, NVIDIA L40S, 99, 70, 6407, 46068, 301.82, 350.00, 68
2026/05/26 16:09:54.029, 0, NVIDIA L40S, 99, 70, 6407, 46068, 316.53, 350.00, 68
2026/05/26 16:09:59.117, 0, NVIDIA L40S, 99, 72, 6407, 46068, 309.66, 350.00, 67
Result directory: results/dl-model-comparison/502045_dl-l40s-1
Summary JSON: results/dl-model-comparison/502045_dl-l40s-1/summary.json
